core/build/outputs/logs/manifest-merger-debug-report.txt
-- Merging decision tree log ---
manifest
ADDED from src/main/AndroidManifest.xml:1:1-12:12
INJECTED from src/main/AndroidManifest.xml:1:1-12:12
INJECTED from src/main/AndroidManifest.xml:1:1-12:12
INJECTED from src/main/AndroidManifest.xml:1:1-12:12
INJECTED from src/main/AndroidManifest.xml:1:1-12:12
INJECTED from src/main/AndroidManifest.xml:1:1-12:12
INJECTED from src/main/AndroidManifest.xml:1:1-12:12
	package
		ADDED from src/main/AndroidManifest.xml:2:5-48
		INJECTED from src/main/AndroidManifest.xml
		INJECTED from src/main/AndroidManifest.xml
	android:versionName
		INJECTED from src/main/AndroidManifest.xml
		ADDED from src/main/AndroidManifest.xml:1:1-12:12
		INJECTED from src/main/AndroidManifest.xml
	android:versionCode
		INJECTED from src/main/AndroidManifest.xml
		ADDED from src/main/AndroidManifest.xml:1:1-12:12
		INJECTED from src/main/AndroidManifest.xml
	xmlns:android
		ADDED from src/main/AndroidManifest.xml:1:11-69
uses-permission#android.permission.INTERNET
ADDED from src/main/AndroidManifest.xml:4:5-67
	android:name
		ADDED from src/main/AndroidManifest.xml:4:22-64
permission#com.widyatama.moviedirectory.core.READ_DATABASE
ADDED from src/main/AndroidManifest.xml:6:5-8:44
	android:protectionLevel
		ADDED from src/main/AndroidManifest.xml:8:9-41
	android:name
		ADDED from src/main/AndroidManifest.xml:7:9-71
permission#com.widyatama.moviedirectory.core.WRITE_DATABASE
ADDED from src/main/AndroidManifest.xml:9:5-11:44
	android:protectionLevel
		ADDED from src/main/AndroidManifest.xml:11:9-41
	android:name
		ADDED from src/main/AndroidManifest.xml:10:9-72
uses-sdk
INJECTED from src/main/AndroidManifest.xml reason: use-sdk injection requested
INJECTED from src/main/AndroidManifest.xml
INJECTED from src/main/AndroidManifest.xml
INJECTED from src/main/AndroidManifest.xml
INJECTED from src/main/AndroidManifest.xml
	android:targetSdkVersion
		INJECTED from src/main/AndroidManifest.xml
		ADDED from src/main/AndroidManifest.xml
		INJECTED from src/main/AndroidManifest.xml
	android:minSdkVersion
		INJECTED from src/main/AndroidManifest.xml
		ADDED from src/main/AndroidManifest.xml
		INJECTED from src/main/AndroidManifest.xml